07/20/2019 19:36:41 - INFO: [('structural_head_config', u'16,8,8'), ('temporal_layer_config', u'128'), ('val_freq', 1), ('dataset', u'Enron_new'), ('epochs', 200), ('walk_len', 20), ('weight_decay', 0.0005), ('neg_sample_size', 10), ('temporal_drop', 0.5), ('GPU_ID', 0), ('use_residual', u'False'), ('structural_layer_config', u'128'), ('window', -1), ('base_model', u'DySAT'), ('log_dir', 'log'), ('model_dir', 'model'), ('spatial_drop', 0.1), ('position_ffn', u'True'), ('optimizer', 'adam'), ('time_steps', 3), ('learning_rate', 0.001), ('csv_dir', 'csv'), ('batch_size', 512), ('max_gradient_norm', 1.0), ('featureless', u'True'), ('test_freq', 1), ('temporal_head_config', u'16'), ('seed', 7), ('save_dir', 'output'), ('model', u'default'), ('neg_weight', 1.0)]
07/20/2019 19:37:02 - INFO: [('structural_head_config', u'16,8,8'), ('temporal_layer_config', u'128'), ('val_freq', 1), ('dataset', u'Enron_new'), ('epochs', 200), ('walk_len', 20), ('weight_decay', 0.0005), ('neg_sample_size', 10), ('temporal_drop', 0.5), ('GPU_ID', 0), ('use_residual', u'False'), ('structural_layer_config', u'128'), ('window', -1), ('base_model', u'DySAT'), ('log_dir', 'log'), ('model_dir', 'model'), ('spatial_drop', 0.1), ('position_ffn', u'True'), ('optimizer', 'adam'), ('time_steps', 3), ('learning_rate', 0.001), ('csv_dir', 'csv'), ('batch_size', 512), ('max_gradient_norm', 1.0), ('featureless', u'True'), ('test_freq', 1), ('temporal_head_config', u'16'), ('seed', 7), ('save_dir', 'output'), ('model', u'default'), ('neg_weight', 1.0)]
07/20/2019 19:37:56 - INFO: [('structural_head_config', u'16,8,8'), ('temporal_layer_config', u'128'), ('val_freq', 1), ('dataset', u'Enron_new'), ('epochs', 200), ('walk_len', 20), ('weight_decay', 0.0005), ('neg_sample_size', 10), ('temporal_drop', 0.5), ('GPU_ID', 0), ('use_residual', u'False'), ('structural_layer_config', u'128'), ('window', -1), ('base_model', u'DySAT'), ('log_dir', 'log'), ('model_dir', 'model'), ('spatial_drop', 0.1), ('position_ffn', u'True'), ('optimizer', 'adam'), ('time_steps', 3), ('learning_rate', 0.001), ('csv_dir', 'csv'), ('batch_size', 512), ('max_gradient_norm', 1.0), ('featureless', u'True'), ('test_freq', 1), ('temporal_head_config', u'16'), ('seed', 7), ('save_dir', 'output'), ('model', u'default'), ('neg_weight', 1.0)]
07/20/2019 19:38:06 - INFO: [('structural_head_config', u'16,8,8'), ('temporal_layer_config', u'128'), ('val_freq', 1), ('dataset', u'Enron_new'), ('epochs', 200), ('walk_len', 20), ('weight_decay', 0.0005), ('neg_sample_size', 10), ('temporal_drop', 0.5), ('GPU_ID', 0), ('use_residual', u'False'), ('structural_layer_config', u'128'), ('window', -1), ('base_model', u'DySAT'), ('log_dir', 'log'), ('model_dir', 'model'), ('spatial_drop', 0.1), ('position_ffn', u'True'), ('optimizer', 'adam'), ('time_steps', 3), ('learning_rate', 0.001), ('csv_dir', 'csv'), ('batch_size', 512), ('max_gradient_norm', 1.0), ('featureless', u'True'), ('test_freq', 1), ('temporal_head_config', u'16'), ('seed', 7), ('save_dir', 'output'), ('model', u'default'), ('neg_weight', 1.0)]
07/20/2019 19:39:26 - INFO: [('structural_head_config', u'16,8,8'), ('temporal_layer_config', u'128'), ('val_freq', 1), ('dataset', u'Enron_new'), ('epochs', 200), ('walk_len', 20), ('weight_decay', 0.0005), ('neg_sample_size', 10), ('temporal_drop', 0.5), ('GPU_ID', 0), ('use_residual', u'False'), ('structural_layer_config', u'128'), ('window', -1), ('base_model', u'DySAT'), ('log_dir', 'log'), ('model_dir', 'model'), ('spatial_drop', 0.1), ('position_ffn', u'True'), ('optimizer', 'adam'), ('time_steps', 3), ('learning_rate', 0.001), ('csv_dir', 'csv'), ('batch_size', 512), ('max_gradient_norm', 1.0), ('featureless', u'True'), ('test_freq', 1), ('temporal_head_config', u'16'), ('seed', 7), ('save_dir', 'output'), ('model', u'default'), ('neg_weight', 1.0)]
07/20/2019 19:39:28 - INFO: # train: 4, # val: 4, # test: 12
07/20/2019 19:39:30 - WARNING: From /usr/local/lib/python2.7/site-packages/tensorflow/python/framework/op_def_library.py:263: colocate_with (from tensorflow.python.framework.ops) is deprecated and will be removed in a future version.
Instructions for updating:
Colocations handled automatically by placer.
07/20/2019 19:39:30 - WARNING: From /Users/aravind/Desktop/Code_DySAT/models/DySAT/layers.py:226: conv1d (from tensorflow.python.layers.convolutional) is deprecated and will be removed in a future version.
Instructions for updating:
Use keras.layers.conv1d instead.
07/20/2019 19:39:30 - WARNING: From /Users/aravind/Desktop/Code_DySAT/models/DySAT/layers.py:240: calling dropout (from tensorflow.python.ops.nn_ops) with keep_prob is deprecated and will be removed in a future version.
Instructions for updating:
Please use `rate` instead of `keep_prob`. Rate should be set to `rate = 1 - keep_prob`.
07/20/2019 19:40:38 - INFO: [('structural_head_config', u'16,8,8'), ('temporal_layer_config', u'128'), ('val_freq', 1), ('dataset', u'Enron_new'), ('epochs', 200), ('walk_len', 20), ('weight_decay', 0.0005), ('neg_sample_size', 10), ('temporal_drop', 0.5), ('GPU_ID', 0), ('use_residual', u'False'), ('structural_layer_config', u'128'), ('window', -1), ('base_model', u'DySAT'), ('log_dir', 'log'), ('model_dir', 'model'), ('spatial_drop', 0.1), ('position_ffn', u'True'), ('optimizer', 'adam'), ('time_steps', 3), ('learning_rate', 0.001), ('csv_dir', 'csv'), ('batch_size', 512), ('max_gradient_norm', 1.0), ('featureless', u'True'), ('test_freq', 1), ('temporal_head_config', u'16'), ('seed', 7), ('save_dir', 'output'), ('model', u'default'), ('neg_weight', 1.0)]
07/20/2019 19:42:45 - INFO: [('structural_head_config', u'16,8,8'), ('temporal_layer_config', u'128'), ('val_freq', 1), ('dataset', u'Enron_new'), ('epochs', 200), ('walk_len', 20), ('weight_decay', 0.0005), ('neg_sample_size', 10), ('temporal_drop', 0.5), ('GPU_ID', 0), ('use_residual', u'False'), ('structural_layer_config', u'128'), ('window', -1), ('base_model', u'DySAT'), ('log_dir', 'log'), ('model_dir', 'model'), ('spatial_drop', 0.1), ('position_ffn', u'True'), ('optimizer', 'adam'), ('time_steps', 3), ('learning_rate', 0.001), ('csv_dir', 'csv'), ('batch_size', 512), ('max_gradient_norm', 1.0), ('featureless', u'True'), ('test_freq', 1), ('temporal_head_config', u'16'), ('seed', 7), ('save_dir', 'output'), ('model', u'default'), ('neg_weight', 1.0)]
07/20/2019 19:42:47 - INFO: # train: 4, # val: 4, # test: 12
07/20/2019 19:44:05 - INFO: [('structural_head_config', u'16,8,8'), ('temporal_layer_config', u'128'), ('val_freq', 1), ('dataset', u'Enron_new'), ('epochs', 200), ('walk_len', 20), ('weight_decay', 0.0005), ('neg_sample_size', 10), ('temporal_drop', 0.5), ('GPU_ID', 0), ('use_residual', u'False'), ('structural_layer_config', u'128'), ('window', -1), ('base_model', u'DySAT'), ('log_dir', 'log'), ('model_dir', 'model'), ('spatial_drop', 0.1), ('position_ffn', u'True'), ('optimizer', 'adam'), ('time_steps', 3), ('learning_rate', 0.001), ('csv_dir', 'csv'), ('batch_size', 512), ('max_gradient_norm', 1.0), ('featureless', u'True'), ('test_freq', 1), ('temporal_head_config', u'16'), ('seed', 7), ('save_dir', 'output'), ('model', u'default'), ('neg_weight', 1.0)]
07/20/2019 19:44:07 - INFO: # train: 4, # val: 4, # test: 12
07/20/2019 19:47:57 - INFO: [('structural_head_config', u'16,8,8'), ('temporal_layer_config', u'128'), ('val_freq', 1), ('dataset', u'Enron_new'), ('epochs', 200), ('walk_len', 20), ('weight_decay', 0.0005), ('neg_sample_size', 10), ('temporal_drop', 0.5), ('GPU_ID', 0), ('use_residual', u'False'), ('structural_layer_config', u'128'), ('window', -1), ('base_model', u'DySAT'), ('log_dir', 'log'), ('model_dir', 'model'), ('spatial_drop', 0.1), ('position_ffn', u'True'), ('optimizer', 'adam'), ('time_steps', 3), ('learning_rate', 0.001), ('csv_dir', 'csv'), ('batch_size', 512), ('max_gradient_norm', 1.0), ('featureless', u'True'), ('test_freq', 1), ('temporal_head_config', u'16'), ('seed', 7), ('save_dir', 'output'), ('model', u'default'), ('neg_weight', 1.0)]
07/20/2019 19:47:59 - INFO: # train: 4, # val: 4, # test: 12
07/20/2019 19:48:55 - INFO: [('structural_head_config', u'16,8,8'), ('temporal_layer_config', u'128'), ('val_freq', 1), ('dataset', u'Enron_new'), ('epochs', 200), ('walk_len', 20), ('weight_decay', 0.0005), ('neg_sample_size', 10), ('temporal_drop', 0.5), ('GPU_ID', 0), ('use_residual', u'False'), ('structural_layer_config', u'128'), ('window', -1), ('base_model', u'DySAT'), ('log_dir', 'log'), ('model_dir', 'model'), ('spatial_drop', 0.1), ('position_ffn', u'True'), ('optimizer', 'adam'), ('time_steps', 3), ('learning_rate', 0.001), ('csv_dir', 'csv'), ('batch_size', 512), ('max_gradient_norm', 1.0), ('featureless', u'True'), ('test_freq', 1), ('temporal_head_config', u'16'), ('seed', 7), ('save_dir', 'output'), ('model', u'default'), ('neg_weight', 1.0)]
07/20/2019 19:49:22 - INFO: [('structural_head_config', u'16,8,8'), ('temporal_layer_config', u'128'), ('val_freq', 1), ('dataset', u'Enron_new'), ('epochs', 200), ('walk_len', 20), ('weight_decay', 0.0005), ('neg_sample_size', 10), ('temporal_drop', 0.5), ('GPU_ID', 0), ('use_residual', u'False'), ('structural_layer_config', u'128'), ('window', -1), ('base_model', u'DySAT'), ('log_dir', 'log'), ('model_dir', 'model'), ('spatial_drop', 0.1), ('position_ffn', u'True'), ('optimizer', 'adam'), ('time_steps', 3), ('learning_rate', 0.001), ('csv_dir', 'csv'), ('batch_size', 512), ('max_gradient_norm', 1.0), ('featureless', u'True'), ('test_freq', 1), ('temporal_head_config', u'16'), ('seed', 7), ('save_dir', 'output'), ('model', u'default'), ('neg_weight', 1.0)]
07/20/2019 19:49:24 - INFO: # train: 4, # val: 4, # test: 12
07/20/2019 19:49:30 - INFO: [('structural_head_config', u'16,8,8'), ('temporal_layer_config', u'128'), ('val_freq', 1), ('dataset', u'Enron_new'), ('epochs', 200), ('walk_len', 20), ('weight_decay', 0.0005), ('neg_sample_size', 10), ('temporal_drop', 0.5), ('GPU_ID', 0), ('use_residual', u'False'), ('structural_layer_config', u'128'), ('window', -1), ('base_model', u'DySAT'), ('log_dir', 'log'), ('model_dir', 'model'), ('spatial_drop', 0.1), ('position_ffn', u'True'), ('optimizer', 'adam'), ('time_steps', 3), ('learning_rate', 0.001), ('csv_dir', 'csv'), ('batch_size', 512), ('max_gradient_norm', 1.0), ('featureless', u'True'), ('test_freq', 1), ('temporal_head_config', u'16'), ('seed', 7), ('save_dir', 'output'), ('model', u'default'), ('neg_weight', 1.0)]
07/20/2019 19:49:32 - INFO: # train: 4, # val: 4, # test: 12
07/20/2019 19:52:22 - INFO: [('structural_head_config', u'16,8,8'), ('temporal_layer_config', u'128'), ('val_freq', 1), ('dataset', u'Enron_new'), ('epochs', 200), ('walk_len', 20), ('weight_decay', 0.0005), ('neg_sample_size', 10), ('temporal_drop', 0.5), ('GPU_ID', 0), ('use_residual', u'False'), ('structural_layer_config', u'128'), ('window', -1), ('base_model', u'DySAT'), ('log_dir', 'log'), ('model_dir', 'model'), ('spatial_drop', 0.1), ('position_ffn', u'True'), ('optimizer', 'adam'), ('time_steps', 3), ('learning_rate', 0.001), ('csv_dir', 'csv'), ('batch_size', 512), ('max_gradient_norm', 1.0), ('featureless', u'True'), ('test_freq', 1), ('temporal_head_config', u'16'), ('seed', 7), ('save_dir', 'output'), ('model', u'default'), ('neg_weight', 1.0)]
07/20/2019 19:52:24 - INFO: # train: 4, # val: 4, # test: 12
07/20/2019 19:58:02 - INFO: [('structural_head_config', u'16,8,8'), ('temporal_layer_config', u'128'), ('val_freq', 1), ('dataset', u'Enron_new'), ('epochs', 200), ('walk_len', 20), ('weight_decay', 0.0005), ('neg_sample_size', 10), ('temporal_drop', 0.5), ('GPU_ID', 0), ('use_residual', u'False'), ('structural_layer_config', u'128'), ('window', -1), ('base_model', u'DySAT'), ('log_dir', 'log'), ('model_dir', 'model'), ('spatial_drop', 0.1), ('position_ffn', u'True'), ('optimizer', 'adam'), ('time_steps', 3), ('learning_rate', 0.001), ('csv_dir', 'csv'), ('batch_size', 512), ('max_gradient_norm', 1.0), ('featureless', u'True'), ('test_freq', 1), ('temporal_head_config', u'16'), ('seed', 7), ('save_dir', 'output'), ('model', u'default'), ('neg_weight', 1.0)]
07/20/2019 19:58:03 - INFO: # train: 4, # val: 4, # test: 12
07/20/2019 19:58:14 - WARNING: From /usr/local/lib/python2.7/site-packages/tensorflow/python/ops/sparse_grad.py:281: calling sparse_reduce_sum (from tensorflow.python.ops.sparse_ops) with keep_dims is deprecated and will be removed in a future version.
Instructions for updating:
keep_dims is deprecated, use keepdims instead
07/20/2019 19:58:37 - INFO: Mini batch Iter: 0 train_loss= 6.07098
07/20/2019 19:58:37 - INFO: Mini batch Iter: 0 graph_loss= 6.00870
07/20/2019 19:58:37 - INFO: Mini batch Iter: 0 reg_loss= 0.06228
07/20/2019 19:58:37 - INFO: Time for Mini batch : 11.4311239719
07/20/2019 19:58:37 - INFO: Time for epoch : 11.4304468632
07/20/2019 19:58:39 - INFO: Val results at epoch 0: Measure (HAD) AUC: 0.9375
07/20/2019 19:58:39 - INFO: Test results at epoch 0: Measure (HAD) AUC: 0.777777777778
07/20/2019 19:58:39 - INFO: Mini batch Iter: 0 train_loss= 4.84858
07/20/2019 19:58:39 - INFO: Mini batch Iter: 0 graph_loss= 4.78636
07/20/2019 19:58:39 - INFO: Mini batch Iter: 0 reg_loss= 0.06223
07/20/2019 19:58:39 - INFO: Time for Mini batch : 0.0376029014587
07/20/2019 19:58:39 - INFO: Time for epoch : 0.0372788906097
07/20/2019 19:58:39 - INFO: Val results at epoch 1: Measure (HAD) AUC: 0.9375
07/20/2019 19:58:39 - INFO: Test results at epoch 1: Measure (HAD) AUC: 0.791666666667
07/20/2019 19:58:39 - INFO: Mini batch Iter: 0 train_loss= 4.25241
07/20/2019 19:58:39 - INFO: Mini batch Iter: 0 graph_loss= 4.19023
07/20/2019 19:58:39 - INFO: Mini batch Iter: 0 reg_loss= 0.06218
07/20/2019 19:58:39 - INFO: Time for Mini batch : 0.0378940105438
07/20/2019 19:58:39 - INFO: Time for epoch : 0.0374119281769
07/20/2019 19:58:39 - INFO: Val results at epoch 2: Measure (HAD) AUC: 0.9375
07/20/2019 19:58:39 - INFO: Test results at epoch 2: Measure (HAD) AUC: 0.798611111111
07/20/2019 19:58:39 - INFO: Mini batch Iter: 0 train_loss= 3.78319
07/20/2019 19:58:39 - INFO: Mini batch Iter: 0 graph_loss= 3.72106
07/20/2019 19:58:39 - INFO: Mini batch Iter: 0 reg_loss= 0.06213
07/20/2019 19:58:39 - INFO: Time for Mini batch : 0.0324561595917
07/20/2019 19:58:39 - INFO: Time for epoch : 0.0321111679077
07/20/2019 19:58:39 - INFO: Val results at epoch 3: Measure (HAD) AUC: 1.0
07/20/2019 19:58:39 - INFO: Test results at epoch 3: Measure (HAD) AUC: 0.8125
07/20/2019 19:58:39 - INFO: Mini batch Iter: 0 train_loss= 3.30761
07/20/2019 19:58:39 - INFO: Mini batch Iter: 0 graph_loss= 3.24552
07/20/2019 19:58:39 - INFO: Mini batch Iter: 0 reg_loss= 0.06208
07/20/2019 19:58:39 - INFO: Time for Mini batch : 0.03040599823
07/20/2019 19:58:39 - INFO: Time for epoch : 0.029876947403
07/20/2019 19:58:39 - INFO: Val results at epoch 4: Measure (HAD) AUC: 1.0
07/20/2019 19:58:39 - INFO: Test results at epoch 4: Measure (HAD) AUC: 0.819444444444
07/20/2019 19:58:39 - INFO: Mini batch Iter: 0 train_loss= 3.24743
07/20/2019 19:58:39 - INFO: Mini batch Iter: 0 graph_loss= 3.18540
07/20/2019 19:58:39 - INFO: Mini batch Iter: 0 reg_loss= 0.06203
07/20/2019 19:58:39 - INFO: Time for Mini batch : 0.0279569625854
07/20/2019 19:58:39 - INFO: Time for epoch : 0.0276379585266
07/20/2019 19:58:39 - INFO: Val results at epoch 5: Measure (HAD) AUC: 0.9375
07/20/2019 19:58:39 - INFO: Test results at epoch 5: Measure (HAD) AUC: 0.826388888889
07/20/2019 19:58:39 - INFO: Mini batch Iter: 0 train_loss= 3.14951
07/20/2019 19:58:39 - INFO: Mini batch Iter: 0 graph_loss= 3.08753
07/20/2019 19:58:39 - INFO: Mini batch Iter: 0 reg_loss= 0.06198
07/20/2019 19:58:39 - INFO: Time for Mini batch : 0.0330591201782
07/20/2019 19:58:39 - INFO: Time for epoch : 0.0324311256409
07/20/2019 19:58:39 - INFO: Val results at epoch 6: Measure (HAD) AUC: 0.875
07/20/2019 19:58:39 - INFO: Test results at epoch 6: Measure (HAD) AUC: 0.819444444444
07/20/2019 19:58:39 - INFO: Mini batch Iter: 0 train_loss= 3.04085
07/20/2019 19:58:39 - INFO: Mini batch Iter: 0 graph_loss= 2.97893
07/20/2019 19:58:39 - INFO: Mini batch Iter: 0 reg_loss= 0.06192
07/20/2019 19:58:39 - INFO: Time for Mini batch : 0.0329930782318
07/20/2019 19:58:39 - INFO: Time for epoch : 0.0326790809631
07/20/2019 19:58:39 - INFO: Val results at epoch 7: Measure (HAD) AUC: 0.875
07/20/2019 19:58:39 - INFO: Test results at epoch 7: Measure (HAD) AUC: 0.819444444444
07/20/2019 19:58:39 - INFO: Mini batch Iter: 0 train_loss= 2.91080
07/20/2019 19:58:39 - INFO: Mini batch Iter: 0 graph_loss= 2.84895
07/20/2019 19:58:39 - INFO: Mini batch Iter: 0 reg_loss= 0.06185
07/20/2019 19:58:39 - INFO: Time for Mini batch : 0.0408000946045
07/20/2019 19:58:39 - INFO: Time for epoch : 0.0402691364288
07/20/2019 19:58:39 - INFO: Val results at epoch 8: Measure (HAD) AUC: 0.8125
07/20/2019 19:58:39 - INFO: Test results at epoch 8: Measure (HAD) AUC: 0.819444444444
07/20/2019 19:58:39 - INFO: Mini batch Iter: 0 train_loss= 2.93040
07/20/2019 19:58:39 - INFO: Mini batch Iter: 0 graph_loss= 2.86860
07/20/2019 19:58:39 - INFO: Mini batch Iter: 0 reg_loss= 0.06179
07/20/2019 19:58:39 - INFO: Time for Mini batch : 0.0361969470978
07/20/2019 19:58:39 - INFO: Time for epoch : 0.0359029769897
07/20/2019 19:58:39 - INFO: Val results at epoch 9: Measure (HAD) AUC: 0.8125
07/20/2019 19:58:39 - INFO: Test results at epoch 9: Measure (HAD) AUC: 0.8125
07/20/2019 19:58:39 - INFO: Mini batch Iter: 0 train_loss= 2.81448
07/20/2019 19:58:39 - INFO: Mini batch Iter: 0 graph_loss= 2.75276
07/20/2019 19:58:39 - INFO: Mini batch Iter: 0 reg_loss= 0.06173
07/20/2019 19:58:39 - INFO: Time for Mini batch : 0.0313348770142
07/20/2019 19:58:39 - INFO: Time for epoch : 0.0308909416199
07/20/2019 19:58:39 - INFO: Val results at epoch 10: Measure (HAD) AUC: 0.875
07/20/2019 19:58:39 - INFO: Test results at epoch 10: Measure (HAD) AUC: 0.826388888889
07/20/2019 19:58:39 - INFO: Mini batch Iter: 0 train_loss= 2.84244
07/20/2019 19:58:39 - INFO: Mini batch Iter: 0 graph_loss= 2.78078
07/20/2019 19:58:39 - INFO: Mini batch Iter: 0 reg_loss= 0.06166
07/20/2019 19:58:39 - INFO: Time for Mini batch : 0.0337381362915
07/20/2019 19:58:39 - INFO: Time for epoch : 0.0332319736481
07/20/2019 19:58:39 - INFO: Val results at epoch 11: Measure (HAD) AUC: 0.8125
07/20/2019 19:58:39 - INFO: Test results at epoch 11: Measure (HAD) AUC: 0.819444444444
07/20/2019 19:58:49 - INFO: [('structural_head_config', u'16,8,8'), ('temporal_layer_config', u'128'), ('val_freq', 1), ('dataset', u'Enron_new'), ('epochs', 200), ('walk_len', 20), ('weight_decay', 0.0005), ('neg_sample_size', 10), ('temporal_drop', 0.5), ('GPU_ID', 0), ('use_residual', u'False'), ('structural_layer_config', u'128'), ('window', -1), ('log_dir', 'log'), ('model_dir', 'model'), ('spatial_drop', 0.1), ('position_ffn', u'True'), ('optimizer', 'adam'), ('time_steps', 3), ('learning_rate', 0.001), ('csv_dir', 'csv'), ('batch_size', 512), ('max_gradient_norm', 1.0), ('seed', 7), ('featureless', u'True'), ('test_freq', 1), ('temporal_head_config', u'16'), ('base_model', u'DySAT'), ('save_dir', 'output'), ('model', u'default'), ('neg_weight', 1.0)]
07/20/2019 19:58:51 - INFO: # train: 4, # val: 4, # test: 12
